[2021-01-12 11:32:59] app.INFO: Protect vendor folder in module contactform [] []
[2021-01-12 11:32:59] app.INFO: Module contactform has no vendor folder [] []
[2021-01-12 11:33:00] app.INFO: Protect vendor folder in module dashactivity [] []
[2021-01-12 11:33:00] app.INFO: Module dashactivity has no vendor folder [] []
[2021-01-12 11:33:02] app.INFO: Protect vendor folder in module dashgoals [] []
[2021-01-12 11:33:02] app.INFO: Module dashgoals has no vendor folder [] []
[2021-01-12 11:33:03] app.INFO: Protect vendor folder in module dashproducts [] []
[2021-01-12 11:33:03] app.INFO: Module dashproducts has no vendor folder [] []
[2021-01-12 11:33:04] app.INFO: Protect vendor folder in module dashtrends [] []
[2021-01-12 11:33:04] app.INFO: Module dashtrends has no vendor folder [] []
[2021-01-12 11:33:05] app.INFO: Protect vendor folder in module graphnvd3 [] []
[2021-01-12 11:33:05] app.INFO: Module graphnvd3 has no vendor folder [] []
[2021-01-12 11:33:05] app.INFO: Protect vendor folder in module gridhtml [] []
[2021-01-12 11:33:05] app.INFO: Module gridhtml has no vendor folder [] []
[2021-01-12 11:33:06] app.INFO: Protect vendor folder in module gsitemap [] []
[2021-01-12 11:33:06] app.INFO: Module gsitemap has no vendor folder [] []
[2021-01-12 11:33:07] app.INFO: Protect vendor folder in module pagesnotfound [] []
[2021-01-12 11:33:07] app.INFO: Module pagesnotfound has no vendor folder [] []
[2021-01-12 11:33:12] app.INFO: Protect vendor folder in module productcomments [] []
[2021-01-12 11:33:12] app.INFO: Module productcomments has no vendor folder [] []
[2021-01-12 11:33:13] app.INFO: Protect vendor folder in module ps_banner [] []
[2021-01-12 11:33:13] app.INFO: Module ps_banner has no vendor folder [] []
[2021-01-12 11:33:14] app.INFO: Protect vendor folder in module ps_categorytree [] []
[2021-01-12 11:33:14] app.INFO: Module ps_categorytree has no vendor folder [] []
[2021-01-12 11:33:15] app.INFO: Protect vendor folder in module ps_checkpayment [] []
[2021-01-12 11:33:15] app.INFO: Module ps_checkpayment has no vendor folder [] []
[2021-01-12 11:33:16] app.INFO: Protect vendor folder in module ps_contactinfo [] []
[2021-01-12 11:33:16] app.INFO: Module ps_contactinfo has no vendor folder [] []
[2021-01-12 11:33:17] app.INFO: Protect vendor folder in module ps_crossselling [] []
[2021-01-12 11:33:17] app.INFO: Module ps_crossselling has no vendor folder [] []
[2021-01-12 11:33:17] app.INFO: Protect vendor folder in module ps_currencyselector [] []
[2021-01-12 11:33:17] app.INFO: Module ps_currencyselector has no vendor folder [] []
[2021-01-12 11:33:18] app.INFO: Protect vendor folder in module ps_customeraccountlinks [] []
[2021-01-12 11:33:18] app.INFO: Module ps_customeraccountlinks has no vendor folder [] []
[2021-01-12 11:33:18] app.INFO: Protect vendor folder in module ps_customersignin [] []
[2021-01-12 11:33:18] app.INFO: Module ps_customersignin has no vendor folder [] []
[2021-01-12 11:33:20] app.INFO: Protect vendor folder in module ps_customtext [] []
[2021-01-12 11:33:20] app.INFO: Module ps_customtext has no vendor folder [] []
[2021-01-12 11:33:21] app.INFO: Protect vendor folder in module ps_dataprivacy [] []
[2021-01-12 11:33:21] app.INFO: Module ps_dataprivacy has no vendor folder [] []
[2021-01-12 11:33:23] app.INFO: Protect vendor folder in module ps_emailsubscription [] []
[2021-01-12 11:33:23] app.INFO: Module ps_emailsubscription has no vendor folder [] []
[2021-01-12 11:33:30] app.INFO: Protect vendor folder in module ps_facetedsearch [] []
[2021-01-12 11:33:30] app.INFO: Module ps_facetedsearch has no vendor folder [] []
[2021-01-12 11:33:31] app.INFO: Protect vendor folder in module ps_faviconnotificationbo [] []
[2021-01-12 11:33:31] app.INFO: Module ps_faviconnotificationbo has no vendor folder [] []
[2021-01-12 11:33:32] app.INFO: Protect vendor folder in module ps_featuredproducts [] []
[2021-01-12 11:33:32] app.INFO: Module ps_featuredproducts has no vendor folder [] []
[2021-01-12 11:33:35] app.INFO: Protect vendor folder in module ps_imageslider [] []
[2021-01-12 11:33:35] app.INFO: Module ps_imageslider has no vendor folder [] []
[2021-01-12 11:33:35] app.INFO: Protect vendor folder in module ps_languageselector [] []
[2021-01-12 11:33:35] app.INFO: Module ps_languageselector has no vendor folder [] []
[2021-01-12 11:33:37] app.INFO: Protect vendor folder in module ps_linklist [] []
[2021-01-12 11:33:37] app.INFO: Module ps_linklist has no vendor folder [] []
[2021-01-12 11:33:37] app.ERROR: Cannot register tab "AdminLinkWidget" because it already exists [] []
[2021-01-12 11:33:40] app.INFO: Protect vendor folder in module ps_mainmenu [] []
[2021-01-12 11:33:40] app.INFO: Module ps_mainmenu has no vendor folder [] []
[2021-01-12 11:33:40] app.INFO: Protect vendor folder in module ps_searchbar [] []
[2021-01-12 11:33:40] app.INFO: Module ps_searchbar has no vendor folder [] []
[2021-01-12 11:33:41] app.INFO: Protect vendor folder in module ps_sharebuttons [] []
[2021-01-12 11:33:41] app.INFO: Module ps_sharebuttons has no vendor folder [] []
[2021-01-12 11:33:42] app.INFO: Protect vendor folder in module ps_shoppingcart [] []
[2021-01-12 11:33:42] app.INFO: Module ps_shoppingcart has no vendor folder [] []
[2021-01-12 11:33:43] app.INFO: Protect vendor folder in module ps_socialfollow [] []
[2021-01-12 11:33:43] app.INFO: Module ps_socialfollow has no vendor folder [] []
[2021-01-12 11:33:51] app.INFO: Protect vendor folder in module ps_themecusto [] []
[2021-01-12 11:33:51] app.INFO: Module ps_themecusto has no vendor folder [] []
[2021-01-12 11:33:51] app.INFO: Protect vendor folder in module ps_wirepayment [] []
[2021-01-12 11:33:52] app.INFO: Module ps_wirepayment has no vendor folder [] []
[2021-01-12 11:33:52] app.INFO: Protect vendor folder in module sekeywords [] []
[2021-01-12 11:33:53] app.INFO: Module sekeywords has no vendor folder [] []
[2021-01-12 11:33:53] app.INFO: Protect vendor folder in module statsbestcategories [] []
[2021-01-12 11:33:53] app.INFO: Module statsbestcategories has no vendor folder [] []
[2021-01-12 11:33:54] app.INFO: Protect vendor folder in module statsbestcustomers [] []
[2021-01-12 11:33:54] app.INFO: Module statsbestcustomers has no vendor folder [] []
[2021-01-12 11:33:54] app.INFO: Protect vendor folder in module statsbestproducts [] []
[2021-01-12 11:33:54] app.INFO: Module statsbestproducts has no vendor folder [] []
[2021-01-12 11:33:55] app.INFO: Protect vendor folder in module statsbestsuppliers [] []
[2021-01-12 11:33:55] app.INFO: Module statsbestsuppliers has no vendor folder [] []
[2021-01-12 11:33:56] app.INFO: Protect vendor folder in module statsbestvouchers [] []
[2021-01-12 11:33:56] app.INFO: Module statsbestvouchers has no vendor folder [] []
[2021-01-12 11:33:56] app.INFO: Protect vendor folder in module statscarrier [] []
[2021-01-12 11:33:56] app.INFO: Module statscarrier has no vendor folder [] []
[2021-01-12 11:33:57] app.INFO: Protect vendor folder in module statscatalog [] []
[2021-01-12 11:33:57] app.INFO: Module statscatalog has no vendor folder [] []
[2021-01-12 11:33:58] app.INFO: Protect vendor folder in module statscheckup [] []
[2021-01-12 11:33:58] app.INFO: Module statscheckup has no vendor folder [] []
[2021-01-12 11:33:58] app.INFO: Protect vendor folder in module statsdata [] []
[2021-01-12 11:33:58] app.INFO: Module statsdata has no vendor folder [] []
[2021-01-12 11:33:59] app.INFO: Protect vendor folder in module statsequipment [] []
[2021-01-12 11:33:59] app.INFO: Module statsequipment has no vendor folder [] []
[2021-01-12 11:34:00] app.INFO: Protect vendor folder in module statsforecast [] []
[2021-01-12 11:34:00] app.INFO: Module statsforecast has no vendor folder [] []
[2021-01-12 11:34:00] app.INFO: Protect vendor folder in module statslive [] []
[2021-01-12 11:34:00] app.INFO: Module statslive has no vendor folder [] []
[2021-01-12 11:34:01] app.INFO: Protect vendor folder in module statsnewsletter [] []
[2021-01-12 11:34:01] app.INFO: Module statsnewsletter has no vendor folder [] []
[2021-01-12 11:34:01] app.INFO: Protect vendor folder in module statsorigin [] []
[2021-01-12 11:34:01] app.INFO: Module statsorigin has no vendor folder [] []
[2021-01-12 11:34:02] app.INFO: Protect vendor folder in module statspersonalinfos [] []
[2021-01-12 11:34:02] app.INFO: Module statspersonalinfos has no vendor folder [] []
[2021-01-12 11:34:02] app.INFO: Protect vendor folder in module statsproduct [] []
[2021-01-12 11:34:02] app.INFO: Module statsproduct has no vendor folder [] []
[2021-01-12 11:34:03] app.INFO: Protect vendor folder in module statsregistrations [] []
[2021-01-12 11:34:03] app.INFO: Module statsregistrations has no vendor folder [] []
[2021-01-12 11:34:03] app.INFO: Protect vendor folder in module statssales [] []
[2021-01-12 11:34:03] app.INFO: Module statssales has no vendor folder [] []
[2021-01-12 11:34:04] app.INFO: Protect vendor folder in module statssearch [] []
[2021-01-12 11:34:04] app.INFO: Module statssearch has no vendor folder [] []
[2021-01-12 11:34:05] app.INFO: Protect vendor folder in module statsstock [] []
[2021-01-12 11:34:05] app.INFO: Module statsstock has no vendor folder [] []
[2021-01-12 11:34:05] app.INFO: Protect vendor folder in module statsvisits [] []
[2021-01-12 11:34:05] app.INFO: Module statsvisits has no vendor folder [] []
[2021-01-12 11:34:06] app.INFO: Protect vendor folder in module welcome [] []
[2021-01-12 11:34:06] app.INFO: Module welcome has no vendor folder [] []
[2021-01-12 11:34:13] app.INFO: Exporting mail with theme modern for language Français (French) [] []
[2021-01-12 11:34:13] app.INFO: Core output folder: D:\wamp64\www\stage2021/mails [] []
[2021-01-12 11:34:13] app.INFO: Modules output folder: D:\wamp64\www\stage2021/modules/ [] []
[2021-01-12 13:42:57] app.INFO: Protect vendor folder in module contactform [] []
[2021-01-12 13:42:57] app.INFO: Module contactform has no vendor folder [] []
[2021-01-12 13:42:58] app.INFO: Protect vendor folder in module dashactivity [] []
[2021-01-12 13:42:58] app.INFO: Module dashactivity has no vendor folder [] []
[2021-01-12 13:43:01] app.INFO: Protect vendor folder in module dashgoals [] []
[2021-01-12 13:43:01] app.INFO: Module dashgoals has no vendor folder [] []
[2021-01-12 13:43:02] app.INFO: Protect vendor folder in module dashproducts [] []
[2021-01-12 13:43:02] app.INFO: Module dashproducts has no vendor folder [] []
[2021-01-12 13:43:02] app.INFO: Protect vendor folder in module dashtrends [] []
[2021-01-12 13:43:02] app.INFO: Module dashtrends has no vendor folder [] []
[2021-01-12 13:43:03] app.INFO: Protect vendor folder in module graphnvd3 [] []
[2021-01-12 13:43:03] app.INFO: Module graphnvd3 has no vendor folder [] []
[2021-01-12 13:43:04] app.INFO: Protect vendor folder in module gridhtml [] []
[2021-01-12 13:43:04] app.INFO: Module gridhtml has no vendor folder [] []
[2021-01-12 13:43:05] app.INFO: Protect vendor folder in module gsitemap [] []
[2021-01-12 13:43:06] app.INFO: Module gsitemap has no vendor folder [] []
[2021-01-12 13:43:07] app.INFO: Protect vendor folder in module pagesnotfound [] []
[2021-01-12 13:43:07] app.INFO: Module pagesnotfound has no vendor folder [] []
[2021-01-12 13:43:09] app.INFO: Protect vendor folder in module productcomments [] []
[2021-01-12 13:43:09] app.INFO: Module productcomments has no vendor folder [] []
[2021-01-12 13:43:10] app.INFO: Protect vendor folder in module ps_banner [] []
[2021-01-12 13:43:10] app.INFO: Module ps_banner has no vendor folder [] []
[2021-01-12 13:43:11] app.INFO: Protect vendor folder in module ps_categorytree [] []
[2021-01-12 13:43:11] app.INFO: Module ps_categorytree has no vendor folder [] []
[2021-01-12 13:43:12] app.INFO: Protect vendor folder in module ps_checkpayment [] []
[2021-01-12 13:43:12] app.INFO: Module ps_checkpayment has no vendor folder [] []
[2021-01-12 13:43:12] app.INFO: Protect vendor folder in module ps_contactinfo [] []
[2021-01-12 13:43:12] app.INFO: Module ps_contactinfo has no vendor folder [] []
[2021-01-12 13:43:13] app.INFO: Protect vendor folder in module ps_crossselling [] []
[2021-01-12 13:43:13] app.INFO: Module ps_crossselling has no vendor folder [] []
[2021-01-12 13:43:14] app.INFO: Protect vendor folder in module ps_currencyselector [] []
[2021-01-12 13:43:14] app.INFO: Module ps_currencyselector has no vendor folder [] []
[2021-01-12 13:43:14] app.INFO: Protect vendor folder in module ps_customeraccountlinks [] []
[2021-01-12 13:43:14] app.INFO: Module ps_customeraccountlinks has no vendor folder [] []
[2021-01-12 13:43:15] app.INFO: Protect vendor folder in module ps_customersignin [] []
[2021-01-12 13:43:15] app.INFO: Module ps_customersignin has no vendor folder [] []
[2021-01-12 13:43:16] app.INFO: Protect vendor folder in module ps_customtext [] []
[2021-01-12 13:43:16] app.INFO: Module ps_customtext has no vendor folder [] []
[2021-01-12 13:43:17] app.INFO: Protect vendor folder in module ps_dataprivacy [] []
[2021-01-12 13:43:17] app.INFO: Module ps_dataprivacy has no vendor folder [] []
[2021-01-12 13:43:19] app.INFO: Protect vendor folder in module ps_emailsubscription [] []
[2021-01-12 13:43:19] app.INFO: Module ps_emailsubscription has no vendor folder [] []
[2021-01-12 13:43:27] app.INFO: Protect vendor folder in module ps_facetedsearch [] []
[2021-01-12 13:43:27] app.INFO: Module ps_facetedsearch has no vendor folder [] []
[2021-01-12 13:43:28] app.INFO: Protect vendor folder in module ps_faviconnotificationbo [] []
[2021-01-12 13:43:28] app.INFO: Module ps_faviconnotificationbo has no vendor folder [] []
[2021-01-12 13:43:29] app.INFO: Protect vendor folder in module ps_featuredproducts [] []
[2021-01-12 13:43:29] app.INFO: Module ps_featuredproducts has no vendor folder [] []
[2021-01-12 13:43:31] app.INFO: Protect vendor folder in module ps_imageslider [] []
[2021-01-12 13:43:31] app.INFO: Module ps_imageslider has no vendor folder [] []
[2021-01-12 13:43:31] app.INFO: Protect vendor folder in module ps_languageselector [] []
[2021-01-12 13:43:31] app.INFO: Module ps_languageselector has no vendor folder [] []
[2021-01-12 13:43:33] app.INFO: Protect vendor folder in module ps_linklist [] []
[2021-01-12 13:43:33] app.INFO: Module ps_linklist has no vendor folder [] []
[2021-01-12 13:43:33] app.ERROR: Cannot register tab "AdminLinkWidget" because it already exists [] []
[2021-01-12 13:43:36] app.INFO: Protect vendor folder in module ps_mainmenu [] []
[2021-01-12 13:43:36] app.INFO: Module ps_mainmenu has no vendor folder [] []
[2021-01-12 13:43:37] app.INFO: Protect vendor folder in module ps_searchbar [] []
[2021-01-12 13:43:37] app.INFO: Module ps_searchbar has no vendor folder [] []
[2021-01-12 13:43:37] app.INFO: Protect vendor folder in module ps_sharebuttons [] []
[2021-01-12 13:43:37] app.INFO: Module ps_sharebuttons has no vendor folder [] []
[2021-01-12 13:43:38] app.INFO: Protect vendor folder in module ps_shoppingcart [] []
[2021-01-12 13:43:38] app.INFO: Module ps_shoppingcart has no vendor folder [] []
[2021-01-12 13:43:39] app.INFO: Protect vendor folder in module ps_socialfollow [] []
[2021-01-12 13:43:39] app.INFO: Module ps_socialfollow has no vendor folder [] []
[2021-01-12 13:43:41] app.INFO: Protect vendor folder in module ps_themecusto [] []
[2021-01-12 13:43:41] app.INFO: Module ps_themecusto has no vendor folder [] []
[2021-01-12 13:43:43] app.INFO: Protect vendor folder in module ps_wirepayment [] []
[2021-01-12 13:43:43] app.INFO: Module ps_wirepayment has no vendor folder [] []
[2021-01-12 13:43:43] app.INFO: Protect vendor folder in module sekeywords [] []
[2021-01-12 13:43:43] app.INFO: Module sekeywords has no vendor folder [] []
[2021-01-12 13:43:44] app.INFO: Protect vendor folder in module statsbestcategories [] []
[2021-01-12 13:43:44] app.INFO: Module statsbestcategories has no vendor folder [] []
[2021-01-12 13:43:45] app.INFO: Protect vendor folder in module statsbestcustomers [] []
[2021-01-12 13:43:45] app.INFO: Module statsbestcustomers has no vendor folder [] []
[2021-01-12 13:43:45] app.INFO: Protect vendor folder in module statsbestproducts [] []
[2021-01-12 13:43:45] app.INFO: Module statsbestproducts has no vendor folder [] []
[2021-01-12 13:43:46] app.INFO: Protect vendor folder in module statsbestsuppliers [] []
[2021-01-12 13:43:46] app.INFO: Module statsbestsuppliers has no vendor folder [] []
[2021-01-12 13:43:46] app.INFO: Protect vendor folder in module statsbestvouchers [] []
[2021-01-12 13:43:46] app.INFO: Module statsbestvouchers has no vendor folder [] []
[2021-01-12 13:43:47] app.INFO: Protect vendor folder in module statscarrier [] []
[2021-01-12 13:43:47] app.INFO: Module statscarrier has no vendor folder [] []
[2021-01-12 13:43:47] app.INFO: Protect vendor folder in module statscatalog [] []
[2021-01-12 13:43:47] app.INFO: Module statscatalog has no vendor folder [] []
[2021-01-12 13:43:48] app.INFO: Protect vendor folder in module statscheckup [] []
[2021-01-12 13:43:48] app.INFO: Module statscheckup has no vendor folder [] []
[2021-01-12 13:43:49] app.INFO: Protect vendor folder in module statsdata [] []
[2021-01-12 13:43:49] app.INFO: Module statsdata has no vendor folder [] []
[2021-01-12 13:43:49] app.INFO: Protect vendor folder in module statsequipment [] []
[2021-01-12 13:43:49] app.INFO: Module statsequipment has no vendor folder [] []
[2021-01-12 13:43:50] app.INFO: Protect vendor folder in module statsforecast [] []
[2021-01-12 13:43:50] app.INFO: Module statsforecast has no vendor folder [] []
[2021-01-12 13:43:50] app.INFO: Protect vendor folder in module statslive [] []
[2021-01-12 13:43:50] app.INFO: Module statslive has no vendor folder [] []
[2021-01-12 13:43:51] app.INFO: Protect vendor folder in module statsnewsletter [] []
[2021-01-12 13:43:51] app.INFO: Module statsnewsletter has no vendor folder [] []
[2021-01-12 13:43:51] app.INFO: Protect vendor folder in module statsorigin [] []
[2021-01-12 13:43:51] app.INFO: Module statsorigin has no vendor folder [] []
[2021-01-12 13:43:52] app.INFO: Protect vendor folder in module statspersonalinfos [] []
[2021-01-12 13:43:52] app.INFO: Module statspersonalinfos has no vendor folder [] []
[2021-01-12 13:43:52] app.INFO: Protect vendor folder in module statsproduct [] []
[2021-01-12 13:43:52] app.INFO: Module statsproduct has no vendor folder [] []
[2021-01-12 13:43:53] app.INFO: Protect vendor folder in module statsregistrations [] []
[2021-01-12 13:43:53] app.INFO: Module statsregistrations has no vendor folder [] []
[2021-01-12 13:43:54] app.INFO: Protect vendor folder in module statssales [] []
[2021-01-12 13:43:54] app.INFO: Module statssales has no vendor folder [] []
[2021-01-12 13:43:54] app.INFO: Protect vendor folder in module statssearch [] []
[2021-01-12 13:43:54] app.INFO: Module statssearch has no vendor folder [] []
[2021-01-12 13:43:55] app.INFO: Protect vendor folder in module statsstock [] []
[2021-01-12 13:43:55] app.INFO: Module statsstock has no vendor folder [] []
[2021-01-12 13:43:55] app.INFO: Protect vendor folder in module statsvisits [] []
[2021-01-12 13:43:55] app.INFO: Module statsvisits has no vendor folder [] []
[2021-01-12 13:43:56] app.INFO: Protect vendor folder in module welcome [] []
[2021-01-12 13:43:57] app.INFO: Module welcome has no vendor folder [] []
[2021-01-12 13:44:05] app.INFO: Exporting mail with theme modern for language Français (French) [] []
[2021-01-12 13:44:05] app.INFO: Core output folder: D:\wamp64\www\stage2021/mails [] []
[2021-01-12 13:44:05] app.INFO: Modules output folder: D:\wamp64\www\stage2021/modules/ [] []
[2021-01-19 15:58:07] request.CRITICAL: Uncaught PHP Exception Symfony\Component\Debug\Exception\FatalErrorException: "Compile Error: require(): Failed opening required 'D:\wamp64\www\stage2021\var\cache\prod\Container2xmngyo\getMbo_Tab_Collection_FactoryService.php' (include_path='D:\wamp64\www\stage2021\vendor/pear/pear_exception;D:\wamp64\www\stage2021\vendor/pear/console_getopt;D:\wamp64\www\stage2021\vendor/pear/pear-core-minimal/src;D:\wamp64\www\stage2021\vendor/pear/archive_tar;.;C:\php\pear')" at D:\wamp64\www\stage2021\var\cache\prod\Container2xmngyo\appProdProjectContainer.php line 2286 {"exception":"[object] (Symfony\\Component\\Debug\\Exception\\FatalErrorException(code: 0): Compile Error: require(): Failed opening required 'D:\\wamp64\\www\\stage2021\\var\\cache\\prod\\Container2xmngyo\\getMbo_Tab_Collection_FactoryService.php' (include_path='D:\\wamp64\\www\\stage2021\\vendor/pear/pear_exception;D:\\wamp64\\www\\stage2021\\vendor/pear/console_getopt;D:\\wamp64\\www\\stage2021\\vendor/pear/pear-core-minimal/src;D:\\wamp64\\www\\stage2021\\vendor/pear/archive_tar;.;C:\\php\\pear') at D:\\wamp64\\www\\stage2021\\var\\cache\\prod\\Container2xmngyo\\appProdProjectContainer.php:2286)"} []
[2021-01-20 14:56:11] request.INFO: Matched route "admin_system_information_check_files". {"route":"admin_system_information_check_files","route_parameters":{"_controller":"PrestaShopBundle\\Controller\\Admin\\Configure\\AdvancedParameters\\SystemInformationController::displayCheckFilesAction","_legacy_controller":"AdminInformation","_legacy_link":"AdminInformation:checkFiles","_route":"admin_system_information_check_files"},"request_uri":"http://localhost/stage2021/admin610fajmom/index.php/configure/advanced/system-information/files?_token=mt1_XGpr2nXrBTpW1CfcaBGloptgFA9QDJMVgZr96vU","method":"POST"} []
[2021-01-20 14:56:12] security.DEBUG: Read existing security token from the session. {"key":"_security_main","token_class":"Symfony\\Component\\Security\\Core\\Authentication\\Token\\UsernamePasswordToken"} []
[2021-01-20 14:56:12] security.DEBUG: User was reloaded from a user provider. {"provider":"PrestaShopBundle\\Security\\Admin\\EmployeeProvider","username":"colin42660@gmail.com"} []
[2021-01-20 15:01:07] request.CRITICAL: Uncaught PHP Exception Symfony\Component\Debug\Exception\FatalErrorException: "Error: Maximum execution time of 300 seconds exceeded" at D:\wamp64\www\stage2021\src\Adapter\Requirement\CheckMissingOrUpdatedFiles.php line 70 {"exception":"[object] (Symfony\\Component\\Debug\\Exception\\FatalErrorException(code: 0): Error: Maximum execution time of 300 seconds exceeded at D:\\wamp64\\www\\stage2021\\src\\Adapter\\Requirement\\CheckMissingOrUpdatedFiles.php:70)"} []
[2021-01-20 15:01:07] security.DEBUG: Stored the security token in the session. {"key":"_security_main"} []
[2021-01-20 14:56:11] request.INFO: Matched route "admin_common_notifications". {"route":"admin_common_notifications","route_parameters":{"_controller":"PrestaShopBundle\\Controller\\Admin\\CommonController::notificationsAction","_legacy_controller":"AdminCommon","_legacy_link":"AdminCommon","_route":"admin_common_notifications"},"request_uri":"http://localhost/stage2021/admin610fajmom/index.php/common/notifications?_token=mt1_XGpr2nXrBTpW1CfcaBGloptgFA9QDJMVgZr96vU&rand=1611150967238","method":"POST"} []
[2021-01-20 15:01:07] request.CRITICAL: Uncaught PHP Exception Symfony\Component\Debug\Exception\FatalErrorException: "Error: Maximum execution time of 300 seconds exceeded" at D:\wamp64\www\stage2021\vendor\symfony\symfony\src\Symfony\Component\HttpFoundation\Session\Storage\Handler\StrictSessionHandler.php line 48 {"exception":"[object] (Symfony\\Component\\Debug\\Exception\\FatalErrorException(code: 0): Error: Maximum execution time of 300 seconds exceeded at D:\\wamp64\\www\\stage2021\\vendor\\symfony\\symfony\\src\\Symfony\\Component\\HttpFoundation\\Session\\Storage\\Handler\\StrictSessionHandler.php:48)"} []
[2021-01-20 15:01:08] request.CRITICAL: Exception thrown when handling an exception (Twig\Error\RuntimeError: An exception has been thrown during the rendering of a template ("Failed to start the session: already started by PHP."). at D:\wamp64\www\stage2021\src\PrestaShopBundle\Resources\views\Admin\Exception\error.html.twig line 60) {"exception":"[object] (Twig\\Error\\RuntimeError(code: 0): An exception has been thrown during the rendering of a template (\"Failed to start the session: already started by PHP.\"). at D:\\wamp64\\www\\stage2021\\src\\PrestaShopBundle\\Resources\\views\\Admin\\Exception\\error.html.twig:60, RuntimeException(code: 0): Failed to start the session: already started by PHP. at D:\\wamp64\\www\\stage2021\\vendor\\symfony\\symfony\\src\\Symfony\\Component\\HttpFoundation\\Session\\Storage\\NativeSessionStorage.php:141)"} []
